<?xml version="1.0" encoding="UTF-8"?>
<testng-results skipped="0" failed="0" ignored="0" total="2" passed="2">
  <reporter-output>
  </reporter-output>
  <suite name="Default suite" duration-ms="152767" started-at="2019-04-10T13:03:14Z" finished-at="2019-04-10T13:05:47Z">
    <groups>
    </groups>
    <test name="Default test" duration-ms="152767" started-at="2019-04-10T13:03:14Z" finished-at="2019-04-10T13:05:47Z">
      <class name="com.qa.Tests.RegistrationTests">
        <test-method status="PASS" signature="launch()[pri:0, instance:com.qa.Tests.RegistrationTests@91161c7]" name="launch" is-config="true" duration-ms="14987" started-at="2019-04-10T13:03:14Z" finished-at="2019-04-10T13:03:29Z">
          <reporter-output>
          </reporter-output>
        </test-method> <!-- launch -->
        <test-method status="PASS" signature="FirstNameEmpty()[pri:0, instance:com.qa.Tests.RegistrationTests@91161c7]" name="FirstNameEmpty" duration-ms="61185" started-at="2019-04-10T13:03:29Z" finished-at="2019-04-10T13:04:31Z">
          <reporter-output>
          </reporter-output>
        </test-method> <!-- FirstNameEmpty -->
        <test-method status="PASS" signature="launch()[pri:0, instance:com.qa.Tests.RegistrationTests@91161c7]" name="launch" is-config="true" duration-ms="15179" started-at="2019-04-10T13:04:31Z" finished-at="2019-04-10T13:04:46Z">
          <reporter-output>
          </reporter-output>
        </test-method> <!-- launch -->
        <test-method status="PASS" signature="LastNameEmpty()[pri:0, instance:com.qa.Tests.RegistrationTests@91161c7]" name="LastNameEmpty" duration-ms="61368" started-at="2019-04-10T13:04:46Z" finished-at="2019-04-10T13:05:47Z">
          <reporter-output>
          </reporter-output>
        </test-method> <!-- LastNameEmpty -->
      </class> <!-- com.qa.Tests.RegistrationTests -->
    </test> <!-- Default test -->
  </suite> <!-- Default suite -->
</testng-results>
