<?xml version="1.0" encoding="UTF-8"?>
<!-- Generated by org.testng.reporters.JUnitXMLReporter -->
<testsuite hostname="Desktop" ignored="0" name="registration_test" tests="2" failures="0" timestamp="11 Apr 2019 12:14:07 GMT" time="0.056" errors="0">
  <testcase name="@BeforeMethod launch" time="0.012" classname="com.qa.Tests.RegistrationTests">
    <failure type="java.util.MissingResourceException" message="Can&amp;apos;t find bundle for base name config, locale en_US">
      <![CDATA[java.util.MissingResourceException: Can't find bundle for base name config, locale en_US
at java.util.ResourceBundle.throwMissingResourceException(ResourceBundle.java:1573)
at java.util.ResourceBundle.getBundleImpl(ResourceBundle.java:1396)
at java.util.ResourceBundle.getBundle(ResourceBundle.java:854)
at com.qa.baseMethods.BrowserConfigure.generateDriverInstance(BrowserConfigure.java:19)
at com.qa.Tests.RegistrationTests.launch(RegistrationTests.java:45)
... Removed 28 stack frames]]>
    </failure>
  </testcase> <!-- @BeforeMethod launch -->
  <testcase name="@BeforeMethod launch" time="0.0" classname="com.qa.Tests.RegistrationTests">
    <skipped/>
  </testcase> <!-- @BeforeMethod launch -->
  <testcase name="FirstNameEmpty" time="0.0" classname="com.qa.Tests.RegistrationTests">
    <skipped/>
  </testcase> <!-- FirstNameEmpty -->
  <testcase name="LastNameEmpty" time="0.0" classname="com.qa.Tests.RegistrationTests">
    <skipped/>
  </testcase> <!-- LastNameEmpty -->
</testsuite> <!-- registration_test -->
